Molotov v2.6 ~ Happy Breaking 🥛🔨 ~ Ctrl+C to abort
                                       || 
[P:5910] [W:0] Starting                || 
[P:5909] [W:0] Starting                || 
[P:5906] [W:0] Running scenarios       || 
[P:5908] [W:0] Setting up session      || 
[P:5911] [W:0] Starting                || 
[P:5911] [W:0] Setting up session      || 
[P:5912] Preparing 1 worker...         || 
[P:5909] [W:0] Setting up session      || 
[P:5910] [W:0] Running scenarios       || 
[P:5911] [W:0] Running scenarios       || 
[P:5908] [W:0] Running scenarios       || 
[P:5912] OK                            || 
[P:5912] [W:0] Starting                || 
[P:5912] [W:0] Setting up session      || 
[P:5912] [W:0] Running scenarios       || 
                                       || 
SUCCESS: 0  FAILED: 0  WORKERS: 10 PROCESSES: 10  ELAPSED: 0.04 seconds                                                                                        

















                                                             2

















                                                             45

















                                                             6

















                                                             84

















                                                           1 0

















                                                             2

















                                                             45

















                                                             6

















                                                             8

















                                                           2 0

















                                                             26

















                                                             4

















                                                             6

















                                                             8

















         1                                                 3 0

















          0  FAILED: 0  WORKERS: 10 PROCE SES: 10  ELAPSED: 3.26 seconds

















                                                              4

















                                                              6

















                                                              8

















                                                            4 0

















                                                              27

















                                                              4

















                                                              6

















                                                              8

















         2                                                  5 0

















                                                              2

















                                                              4

















                                                              68

















                                                              8

















                                                            6 0

















                                                              2

















                                                              4

















                                                              6

















         3                                                    8

















                                                            7 0

















                                                              2

















                                                              4

















                                                              69

















                                                              8

















                                                            8 0

















                                                              2

















                                                              4

















                                                              6

















         4                                                    8

















                                                            9 0

















                                                              30

















                                                              5

















                                                              7

















                                                              9

















                                                            10.10 seconds

















                                                               3

















                                                               51

















                                                               7

















         5                                                     9

















                                                             1 1

















                                                               3

















                                                               5

















                                                               7

















                                                               9

















                                                             2 1

















                                                               32

















                                                               5

















         6                                                     7

















                                                               9

















                                                             3 1

















                                                               3

















                                                               5

















                                                               73

















                                                               9

















                                                             4 1

















                                                               3

















                                                               5

















         7                                                     7

















                                                               9

















                                                             5 1

















                                                               3

















                                                               5

















                                                               74

















                                                               9

















                                                             6 1

















                                                               3

















         8                                                     5

















                                                               7

















                                                               9

















                                                             7 1

















                                                               35

















                                                               5

















                                                               7

















                                                               9

     08        Running scenarios
     12  OK            
     12        Starting         
     12
      2        Running scenarios
               Ran 10 scenarios  
         [W:0] Ran  0 scenarios
     10        Ran 10 scenarios  
     07         a  10 scenarios 
     04         a  10 scenarios 
                a  10 scenarios 
     03  [W:0] Ran 10 scenarios
     06        Ran 10 scenarios
     05        Ran 10 scenarios  
     09         a  10 scenarios 

                                                             8 1

















         9                                                     3

















                                                               5

















                                                               7

















                                                               9

















                                                             9 16

















                                                               3

















                                                               5

















                                                               7

















                                                               9

















                                                            20 1

















         1 0  FAILED: 0  WORKERS: 10 PROCE SES: 10  ELAPSED: 20.36 seconds

















                                                                57

















                                                                7

















                                                                9

















                                                              1 1

















                                                                3

















                                                                5

















                                                                7

















           5                                                    9

















          10                                                  2 18

















                                                                3

















                                                                5

















                                                                7

















                                                                9

















                                                              3 1

















                                                                3

















                                                                5

















                                                                7

















          2                                                     9

















                                                              4 19

















                                                                3

















                                                                5

















                                                                7

















                                                                9

















                                                              5 1

















                                                                3

















                                                                5

















          3                                                     7

















                                                              6 00

















                                                                2

















                                                                4

















                                                                6

















                                                                8

















                                                              7 0

















                                                                2

















                                                                4

















          4                                                     61

















                                                                8

















                                                              8 0

















                                                                2

















                                                                4

















                                                                6

















                                                                8

















                                                              9 0

















                                                                2

















                                                                42

















          5                                                     6

















                                                                8

















                                                             30 0

















                                                                2

















                                                                4

















                                                                6

















                                                                8

















                                                              1 03🚀 Running actual recommendation API test
✅ Received response with status: 200
🚀 Running actual recommendation API test
✅ Received response with status: 200
🚀 Running actual recommendation API test
✅ Received response with status: 200
🚀 Running actual recommendation API test
✅ Received response with status: 200
🚀 Running actual recommendation API test
✅ Received response with status: 200
🚀 Running actual recommendation API test
✅ Received response with status: 200
🚀 Running actual recommendation API test
✅ Received response with status: 200
🚀 Running actual recommendation API test
✅ Received response with status: 200
🚀 Running actual recommendation API test
✅ Received response with status: 200
🚀 Running actual recommendation API test
✅ Received response with status: 200
🚀 Running actual recommendation API test
✅ Received response with status: 200
🚀 Running actual recommendation API test
✅ Received response with status: 200
🚀 Running actual recommendation API test
✅ Received response with status: 200
🚀 Running actual recommendation API test
✅ Received response with status: 200
🚀 Running actual recommendation API test
✅ Received response with status: 200
🚀 Running actual recommendation API test
✅ Received response with status: 200
🚀 Running actual recommendation API test
✅ Received response with status: 200
🚀 Running actual recommendation API test
✅ Received response with status: 200
🚀 Running actual recommendation API test
✅ Received response with status: 200
🚀 Running actual recommendation API test
✅ Received response with status: 200
🚀 Running actual recommendation API test
✅ Received response with status: 200
🚀 Running actual recommendation API test
✅ Received response with status: 200
🚀 Running actual recommendation API test
✅ Received response with status: 200
🚀 Running actual recommendation API test
✅ Received response with status: 200
🚀 Running actual recommendation API test
✅ Received response with status: 200
🚀 Running actual recommendation API test
✅ Received response with status: 200
🚀 Running actual recommendation API test
✅ Received response with status: 200
🚀 Running actual recommendation API test
✅ Received response with status: 200
🚀 Running actual recommendation API test
✅ Received response with status: 200
🚀 Running actual recommendation API test
✅ Received response with status: 200
🚀 Running actual recommendation API test
✅ Received response with status: 200
🚀 Running actual recommendation API test
✅ Received response with status: 200


     12        Starting         
         [W:0] Setting up session
               Running scenarios
      1        Ran 10 scenarios  
                a  10 scenarios 
      0
     07
     04
      8
      3
      6
      5
      9
     11        Do e!           
      7        Do e!           

                                                                22🚀 Running actual recommendation API test
✅ Received response with status: 200
🚀 Running actual recommendation API test
✅ Received response with status: 200
🚀 Running actual recommendation API test
✅ Received response with status: 200
🚀 Running actual recommendation API test
✅ Received response with status: 200
🚀 Running actual recommendation API test
✅ Received response with status: 200
🚀 Running actual recommendation API test
✅ Received response with status: 200
🚀 Running actual recommendation API test
✅ Received response with status: 200
🚀 Running actual recommendation API test
✅ Received response with status: 200
🚀 Running actual recommendation API test
✅ Received response with status: 200
🚀 Running actual recommendation API test
✅ Received response with status: 200
🚀 Running actual recommendation API test
✅ Received response with status: 200
🚀 Running actual recommendation API test
✅ Received response with status: 200
🚀 Running actual recommendation API test
✅ Received response with status: 200
🚀 Running actual recommendation API test
✅ Received response with status: 200
🚀 Running actual recommendation API test
✅ Received response with status: 200
🚀 Running actual recommendation API test
✅ Received response with status: 200
🚀 Running actual recommendation API test
✅ Received response with status: 200
🚀 Running actual recommendation API test
✅ Received response with status: 200
🚀 Running actual recommendation API test
✅ Received response with status: 200
🚀 Running actual recommendation API test
✅ Received response with status: 200
🚀 Running actual recommendation API test
✅ Received response with status: 200
🚀 Running actual recommendation API test
✅ Received response with status: 200
🚀 Running actual recommendation API test
✅ Received response with status: 200
🚀 Running actual recommendation API test
✅ Received response with status: 200
🚀 Running actual recommendation API test
✅ Received response with status: 200
🚀 Running actual recommendation API test
✅ Received response with status: 200
🚀 Running actual recommendation API test
✅ Received response with status: 200
🚀 Running actual recommendation API test
✅ Received response with status: 200
🚀 Running actual recommendation API test
✅ Received response with status: 200
🚀 Running actual recommendation API test
✅ Received response with status: 200
🚀 Running actual recommendation API test
✅ Received response with status: 200
🚀 Running actual recommendation API test
✅ Received response with status: 200
🚀 Running actual recommendation API test
✅ Received response with status: 200
🚀 Running actual recommendation API test
✅ Received response with status: 200
🚀 Running actual recommendation API test
✅ Received response with status: 200
🚀 Running actual recommendation API test
✅ Received response with status: 200
🚀 Running actual recommendation API test
✅ Received response with status: 200
🚀 Running actual recommendation API test
✅ Received response with status: 200
🚀 Running actual recommendation API test
✅ Received response with status: 200
🚀 Running actual recommendation API test
✅ Received response with status: 200
🚀 Running actual recommendation API test
✅ Received response with status: 200
🚀 Running actual recommendation API test
✅ Received response with status: 200
🚀 Running actual recommendation API test
✅ Received response with status: 200
🚀 Running actual recommendation API test
✅ Received response with status: 200
🚀 Running actual recommendation API test
✅ Received response with status: 200
🚀 Running actual recommendation API test
✅ Received response with status: 200
🚀 Running actual recommendation API test
✅ Received response with status: 200
🚀 Running actual recommendation API test
✅ Received response with status: 200
🚀 Running actual recommendation API test
✅ Received response with status: 200
🚀 Running actual recommendation API test
✅ Received response with status: 200
🚀 Running actual recommendation API test
✅ Received response with status: 200
🚀 Running actual recommendation API test
✅ Received response with status: 200
🚀 Running actual recommendation API test
✅ Received response with status: 200
🚀 Running actual recommendation API test
✅ Received response with status: 200
🚀 Running actual recommendation API test
✅ Received response with status: 200
🚀 Running actual recommendation API test
✅ Received response with status: 200
🚀 Running actual recommendation API test
✅ Received response with status: 200
🚀 Running actual recommendation API test
✅ Received response with status: 200
🚀 Running actual recommendation API test
✅ Received response with status: 200
🚀 Running actual recommendation API test
✅ Received response with status: 200
🚀 Running actual recommendation API test
✅ Received response with status: 200
🚀 Running actual recommendation API test
✅ Received response with status: 200
🚀 Running actual recommendation API test
✅ Received response with status: 200
🚀 Running actual recommendation API test
✅ Received response with status: 200
🚀 Running actual recommendation API test
✅ Received response with status: 200
🚀 Running actual recommendation API test
✅ Received response with status: 200
🚀 Running actual recommendation API test
✅ Received response with status: 200
🚀 Running actual recommendation API test
✅ Received response with status: 200
🚀 Running actual recommendation API test
✅ Received response with status: 200
🚀 Running actual recommendation API test
✅ Received response with status: 200
🚀 Running actual recommendation API test
✅ Received response with status: 200
🚀 Running actual recommendation API test
✅ Received response with status: 200
🚀 Running actual recommendation API test
✅ Received response with status: 200
🚀 Running actual recommendation API test
✅ Received response with status: 200
🚀 Running actual recommendation API test
✅ Received response with status: 200
🚀 Running actual recommendation API test
✅ Received response with status: 200
🚀 Running actual recommendation API test
✅ Received response with status: 200
🚀 Running actual recommendation API test
✅ Received response with status: 200
🚀 Running actual recommendation API test
✅ Received response with status: 200
🚀 Running actual recommendation API test
✅ Received response with status: 200
🚀 Running actual recommendation API test
✅ Received response with status: 200
🚀 Running actual recommendation API test
✅ Received response with status: 200
🚀 Running actual recommendation API test
✅ Received response with status: 200
🚀 Running actual recommendation API test
✅ Received response with status: 200
🚀 Running actual recommendation API test
✅ Received response with status: 200
🚀 Running actual recommendation API test
✅ Received response with status: 200
🚀 Running actual recommendation API test
✅ Received response with status: 200
🚀 Running actual recommendation API test
✅ Received response with status: 200
🚀 Running actual recommendation API test
✅ Received response with status: 200
🚀 Running actual recommendation API test
✅ Received response with status: 200
🚀 Running actual recommendation API test
✅ Received response with status: 200
🚀 Running actual recommendation API test
✅ Received response with status: 200
🚀 Running actual recommendation API test
✅ Received response with status: 200
🚀 Running actual recommendation API test
✅ Received response with status: 200
🚀 Running actual recommendation API test
✅ Received response with status: 200
🚀 Running actual recommendation API test
✅ Received response with status: 200
🚀 Running actual recommendation API test
✅ Received response with status: 200
🚀 Running actual recommendation API test
✅ Received response with status: 200
🚀 Running actual recommendation API test
✅ Received response with status: 200
🚀 Running actual recommendation API test
✅ Received response with status: 200
🚀 Running actual recommendation API test
✅ Received response with status: 200
🚀 Running actual recommendation API test
✅ Received response with status: 200
🚀 Running actual recommendation API test
✅ Received response with status: 200
🚀 Running actual recommendation API test
✅ Received response with status: 200
🚀 Running actual recommendation API test
✅ Received response with status: 200
🚀 Running actual recommendation API test
✅ Received response with status: 200
🚀 Running actual recommendation API test
✅ Received response with status: 200
🚀 Running actual recommendation API test
✅ Received response with status: 200
🚀 Running actual recommendation API test
✅ Received response with status: 200
🚀 Running actual recommendation API test
✅ Received response with status: 200
🚀 Running actual recommendation API test
✅ Received response with status: 200
🚀 Running actual recommendation API test
✅ Received response with status: 200
🚀 Running actual recommendation API test
✅ Received response with status: 200
🚀 Running actual recommendation API test
✅ Received response with status: 200
🚀 Running actual recommendation API test
✅ Received response with status: 200
🚀 Running actual recommendation API test
✅ Received response with status: 200
🚀 Running actual recommendation API test
✅ Received response with status: 200
🚀 Running actual recommendation API test
✅ Received response with status: 200
🚀 Running actual recommendation API test
✅ Received response with status: 200
🚀 Running actual recommendation API test
✅ Received response with status: 200
🚀 Running actual recommendation API test
✅ Received response with status: 200
🚀 Running actual recommendation API test
✅ Received response with status: 200
🚀 Running actual recommendation API test
✅ Received response with status: 200
🚀 Running actual recommendation API test
✅ Received response with status: 200
🚀 Running actual recommendation API test
✅ Received response with status: 200
🚀 Running actual recommendation API test
✅ Received response with status: 200
🚀 Running actual recommendation API test
✅ Received response with status: 200
🚀 Running actual recommendation API test
✅ Received response with status: 200


     08        Ran 10 scenarios
     03        Ran 10 scenarios  
     06         a  10 scenarios 
     05
     09
      1        Do e!           
               Do e!           
     12        Do e!           
      4        Do e!           
               Do e!           
      8        Do e!           
      6        Do e!           
     10        Do e!           
     05
      9

           3                      7 PROCES ES: 10  ELAPSED: 31.43 seconds 

















          60                      0            8  ELAPSED: 31.63 seconds [?25h**** Molotov v2.6. Happy breaking! ****
SUCCESSES: 160 | FAILURES: 0
*** Bye ***
