Molotov v2.6 ~ Happy Breaking 🥛🔨 ~ Ctrl+C to abort
                                       || 
[P:6816] [W:0] Running scenarios       || 
[P:6818] Preparing 1 worker...         || 
[P:6818] OK                            || 
[P:6818] [W:0] Starting                || 
[P:6818] [W:0] Setting up session      || 
[P:6818] [W:0] Running scenarios       || 
[P:6819] Preparing 1 worker...         || 
[P:6819] OK                            || 
[P:6820] Preparing 1 worker...         || 
[P:6819] [W:0] Starting                || 
[P:6819] [W:0] Setting up session      || 
[P:6820] OK                            || 
[P:6820] [W:0] Starting                || 
[P:6819] [W:0] Running scenarios       || 
[P:6820] [W:0] Running scenarios       || 
                                       || 
SUCCESS: 8  FAILED: 0  WORKERS: 500 PROCESSES: 500  ELAPSED: 3.55 seconds                                                                                      

















                                                               76

















                                                               9

















                                                             4 17

















                                                               3

















                                                               5

















                                                               7

















                                                               9

















                                                             5 1

















                                                               3

















                                                               5

















                                                               7

















                                                               98

















                                                             6 1

















                                                               3

















                                                               5

















                                                               7

















                                                               9

















                                                             7 19

















                                                               3

















                                                               58

















                                                               79

















                                                               9

















                                                             8 1

















                                                               3

















                                                               5

















                                                               7

















                                                               9

















                                                             9 1

















                                                               40

















                                                               6

















                                                               8

















                                                             10. 0 seconds

















                                                                2

















                                                                4

















                                                                6

















                                                                8

















                                                              1 0

















                                                                2

















                                                                4

















                                                                61

















                                                                8

















                                                              2 0

















                                                                2

















                                                                4

















                                                                62

















                                                                8

















                                                              3 0

















                                                                2

















                                                                4

















                                                                6

















                                                                8

















                                                              4 0

















                                                                2

















                                                                43

















                                                                6

















                                                                8

















                                                              5 0

















                                                                2

















                                                                4

















                                                                6

















                                                                8

















                                                              6 0

















                                                                24

















                                                                4

















                                                                6

















                                                                8

















                                                              7 0

















                                                                2

















                                                                4

















                                                                6

















                                                                8

















                                                              8 0

















                                                                25

















                                                                4

















                                                                6

















                                                                8

















                                                              9 06

















                                                                2

















                                                                4

















                                                                6

















                                                                8

















                                                             20 0

















                                                                2

















                                                                4

















                                                                6

















                                                                87

















                                                              1 0

















                                                                2

















                                                                4

















                                                                6

















                                                                8

















                                                              2 0

















                                                                2

















                                                                4

















                                                                68

















                                                                8

















                                                              3 0

















                                                                2

















                                                                4

















                                                                6

















                                                                8

















                                                              4 0

















                                                                29

















                                                                4

















                                                                6

















                                                                8

















                                                              5 0🚀 Running actual recommendation API test
✅ Received response with status: 200
🚀 Running actual recommendation API test
✅ Received response with status: 200


      8  OK                     
         [W:0] Starting       
         [W:0] Setting up session
               Running scenarios
      9  Preparing 1 worker...   
      9  OK                     
     20
         [W:0] Starting
     19  [W:0] Setting up session
     20  OK            
     20         tarting          
     19  [W:0] Running scenarios
               Running scenarios
    340        Do e!            
    3          Do e!            

                                                                2🚀 Running actual recommendation API test
✅ Received response with status: 200
🚀 Running actual recommendation API test
✅ Received response with status: 200
🚀 Running actual recommendation API test
✅ Received response with status: 200
🚀 Running actual recommendation API test
✅ Received response with status: 200
🚀 Running actual recommendation API test
✅ Received response with status: 200
🚀 Running actual recommendation API test
✅ Received response with status: 200
🚀 Running actual recommendation API test
✅ Received response with status: 200
🚀 Running actual recommendation API test
✅ Received response with status: 200
🚀 Running actual recommendation API test
✅ Received response with status: 200
🚀 Running actual recommendation API test
✅ Received response with status: 200
🚀 Running actual recommendation API test
✅ Received response with status: 200
🚀 Running actual recommendation API test
✅ Received response with status: 200
🚀 Running actual recommendation API test
✅ Received response with status: 200
🚀 Running actual recommendation API test
✅ Received response with status: 200
🚀 Running actual recommendation API test
✅ Received response with status: 200
🚀 Running actual recommendation API test
✅ Received response with status: 200
🚀 Running actual recommendation API test
✅ Received response with status: 200
🚀 Running actual recommendation API test
✅ Received response with status: 200
🚀 Running actual recommendation API test
✅ Received response with status: 200
🚀 Running actual recommendation API test
✅ Received response with status: 200
🚀 Running actual recommendation API test
✅ Received response with status: 200
🚀 Running actual recommendation API test
✅ Received response with status: 200
🚀 Running actual recommendation API test
✅ Received response with status: 200
🚀 Running actual recommendation API test
✅ Received response with status: 200
🚀 Running actual recommendation API test
✅ Received response with status: 200
🚀 Running actual recommendation API test
✅ Received response with status: 200
🚀 Running actual recommendation API test
✅ Received response with status: 200
🚀 Running actual recommendation API test
✅ Received response with status: 200
🚀 Running actual recommendation API test
✅ Received response with status: 200
🚀 Running actual recommendation API test
✅ Received response with status: 200
🚀 Running actual recommendation API test
✅ Received response with status: 200
🚀 Running actual recommendation API test
✅ Received response with status: 200
🚀 Running actual recommendation API test
✅ Received response with status: 200
🚀 Running actual recommendation API test
✅ Received response with status: 200
🚀 Running actual recommendation API test
✅ Received response with status: 200
🚀 Running actual recommendation API test
✅ Received response with status: 200
🚀 Running actual recommendation API test
✅ Received response with status: 200
🚀 Running actual recommendation API test
✅ Received response with status: 200
🚀 Running actual recommendation API test
✅ Received response with status: 200
🚀 Running actual recommendation API test
✅ Received response with status: 200
🚀 Running actual recommendation API test
✅ Received response with status: 200


    345  [W:0] Done!
    342        Done!   
    4 5        Done!             
    363        Do e!            
    362  [W:0] Done!          
    402  [W:0] Done!
    375  [W:0] Done!          
    3 1        Done!   
    420        Done!             
    4 1  [W:0] Done!
    417        Done!   
    4 6        Do e!            
    4 3        Do e!            
     77
    413

         51  FAILED: 0  WORKERS: 457 PROCE SES: 5 0  ELAPSED: 25.49 seconds🚀 Running actual recommendation API test
✅ Received response with status: 200
🚀 Running actual recommendation API test
✅ Received response with status: 200
🚀 Running actual recommendation API test
✅ Received response with status: 200
🚀 Running actual recommendation API test
✅ Received response with status: 200
🚀 Running actual recommendation API test
✅ Received response with status: 200
🚀 Running actual recommendation API test
✅ Received response with status: 200
🚀 Running actual recommendation API test
✅ Received response with status: 200
🚀 Running actual recommendation API test
✅ Received response with status: 200
🚀 Running actual recommendation API test
✅ Received response with status: 200
🚀 Running actual recommendation API test
✅ Received response with status: 200
🚀 Running actual recommendation API test
✅ Received response with status: 200
🚀 Running actual recommendation API test
✅ Received response with status: 200
🚀 Running actual recommendation API test
✅ Received response with status: 200
🚀 Running actual recommendation API test
✅ Received response with status: 200
🚀 Running actual recommendation API test
✅ Received response with status: 200
🚀 Running actual recommendation API test
✅ Received response with status: 200
🚀 Running actual recommendation API test
✅ Received response with status: 200
🚀 Running actual recommendation API test
✅ Received response with status: 200
🚀 Running actual recommendation API test
✅ Received response with status: 200
🚀 Running actual recommendation API test
✅ Received response with status: 200
🚀 Running actual recommendation API test
✅ Received response with status: 200
🚀 Running actual recommendation API test
✅ Received response with status: 200
🚀 Running actual recommendation API test
✅ Received response with status: 200
🚀 Running actual recommendation API test
✅ Received response with status: 200
🚀 Running actual recommendation API test
✅ Received response with status: 200
🚀 Running actual recommendation API test
✅ Received response with status: 200
🚀 Running actual recommendation API test
✅ Received response with status: 200
🚀 Running actual recommendation API test
✅ Received response with status: 200
🚀 Running actual recommendation API test
✅ Received response with status: 200
🚀 Running actual recommendation API test
✅ Received response with status: 200
🚀 Running actual recommendation API test
✅ Received response with status: 200
🚀 Running actual recommendation API test
✅ Received response with status: 200
🚀 Running actual recommendation API test
✅ Received response with status: 200
🚀 Running actual recommendation API test
✅ Received response with status: 200
🚀 Running actual recommendation API test
✅ Received response with status: 200


    461
    429
      8
    430
     49
    361
     29
    446
     53
     65
     44
    37
     38
    42
    365

         86                       22            457              6🚀 Running actual recommendation API test
✅ Received response with status: 200


     29
     18
     30
    349
     61
     29
    446
     53
     65
     44
    376
    438
     27
    365
     44

          7                        1             22              8

















                                                  1            6 0

















                                                                 30🚀 Running actual recommendation API test
✅ Received response with status: 200


     18
     30
    349
     61
     29
    446
     53
     65
     44
    376
    438
     27
    365
     44
    425

          8                        0                             5

















                                                  0              7

















                                                                 9

















                                                               7 1

















                                                                 31

















                                                                 5

















                                                                 7

















                                                                 9

















                                                               8 1

















                                                                 3

















                                                                 5

















                                                                 7

















                                                                 92

















                                                               9 1

















                                                                 31

















                                                                 52🚀 Running actual recommendation API test
✅ Received response with status: 200
🚀 Running actual recommendation API test
✅ Received response with status: 200
🚀 Running actual recommendation API test
✅ Received response with status: 200
🚀 Running actual recommendation API test
✅ Received response with status: 200
🚀 Running actual recommendation API test
✅ Received response with status: 200
🚀 Running actual recommendation API test
✅ Received response with status: 200
🚀 Running actual recommendation API test
✅ Received response with status: 200
🚀 Running actual recommendation API test
✅ Received response with status: 200
🚀 Running actual recommendation API test
✅ Received response with status: 200
🚀 Running actual recommendation API test
✅ Received response with status: 200
🚀 Running actual recommendation API test
✅ Received response with status: 200
🚀 Running actual recommendation API test
✅ Received response with status: 200
🚀 Running actual recommendation API test
✅ Received response with status: 200
🚀 Running actual recommendation API test
✅ Received response with status: 200
🚀 Running actual recommendation API test
✅ Received response with status: 200
🚀 Running actual recommendation API test
✅ Received response with status: 200
🚀 Running actual recommendation API test
✅ Received response with status: 200
🚀 Running actual recommendation API test
✅ Received response with status: 200
🚀 Running actual recommendation API test
✅ Received response with status: 200
🚀 Running actual recommendation API test
✅ Received response with status: 200
🚀 Running actual recommendation API test
✅ Received response with status: 200
🚀 Running actual recommendation API test
✅ Received response with status: 200


    3 5
    3 6
    473
    480
    478
    359
    3 8
    327
     72
     10
     54
    373
      8
    479
     74

                                                                 7🚀 Running actual recommendation API test
✅ Received response with status: 200
🚀 Running actual recommendation API test
✅ Received response with status: 200
🚀 Running actual recommendation API test
✅ Received response with status: 200
🚀 Running actual recommendation API test
✅ Received response with status: 200
🚀 Running actual recommendation API test
✅ Received response with status: 200
🚀 Running actual recommendation API test
✅ Received response with status: 200
🚀 Running actual recommendation API test
✅ Received response with status: 200
🚀 Running actual recommendation API test
✅ Received response with status: 200
🚀 Running actual recommendation API test
✅ Received response with status: 200


    473
    480
      8
    359
    35
     27
    472
     10
     54
     73
    368
    4 9
    474
      0
      7

         116  FAILED: 0  WORKERS: 392 PROCE SES: 420  ELAPSED: 29.92 seconds🚀 Running actual recommendation API test
✅ Received response with status: 200
🚀 Running actual recommendation API test
✅ Received response with status: 200
🚀 Running actual recommendation API test
✅ Received response with status: 200


    359
    358
    327
    472
     10
    454
    3 3
     68
     79
    4 4
    470
      7
    343
    353
    352

           9                       89            392           30 1🚀 Running actual recommendation API test
✅ Received response with status: 200
🚀 Running actual recommendation API test
✅ Received response with status: 200
🚀 Running actual recommendation API test
✅ Received response with status: 200
🚀 Running actual recommendation API test
✅ Received response with status: 200
🚀 Running actual recommendation API test
✅ Received response with status: 200
🚀 Running actual recommendation API test
✅ Received response with status: 200


    4 4
     73
     68
      9
    474
     70
    4 7
     43
    353
    352
    312
      1
     57
     79
     78

          22                        6             89              3

















           8                        0              6              5

















                                                   0              7

















                                                                  93

















                                                                1 1

















                                                                  3

















                                                                  5

















                                                                  7

















                                                                  9

















                                                                2 1

















                                                                  3

















                                                                  5

















                                                                  74

















                                                                  9

















                                                                3 1

















                                                                  3

















                                                                  5🚀 Running actual recommendation API test
✅ Received response with status: 200
🚀 Running actual recommendation API test
✅ Received response with status: 200
🚀 Running actual recommendation API test
✅ Received response with status: 200
🚀 Running actual recommendation API test
✅ Received response with status: 200
🚀 Running actual recommendation API test
✅ Received response with status: 200
🚀 Running actual recommendation API test
✅ Received response with status: 200
🚀 Running actual recommendation API test
✅ Received response with status: 200
🚀 Running actual recommendation API test
✅ Received response with status: 200
🚀 Running actual recommendation API test
✅ Received response with status: 200
🚀 Running actual recommendation API test
✅ Received response with status: 200
🚀 Running actual recommendation API test
✅ Received response with status: 200
🚀 Running actual recommendation API test
✅ Received response with status: 200
🚀 Running actual recommendation API test
✅ Received response with status: 200
🚀 Running actual recommendation API test
✅ Received response with status: 200
🚀 Running actual recommendation API test
✅ Received response with status: 200
🚀 Running actual recommendation API test
✅ Received response with status: 200
🚀 Running actual recommendation API test
✅ Received response with status: 200
🚀 Running actual recommendation API test
✅ Received response with status: 200
🚀 Running actual recommendation API test
✅ Received response with status: 200
🚀 Running actual recommendation API test
✅ Received response with status: 200
🚀 Running actual recommendation API test
✅ Received response with status: 200
🚀 Running actual recommendation API test
✅ Received response with status: 200
🚀 Running actual recommendation API test
✅ Received response with status: 200
🚀 Running actual recommendation API test
✅ Received response with status: 200
🚀 Running actual recommendation API test
✅ Received response with status: 200
🚀 Running actual recommendation API test
✅ Received response with status: 200
🚀 Running actual recommendation API test
✅ Received response with status: 200
🚀 Running actual recommendation API test
✅ Received response with status: 200
🚀 Running actual recommendation API test
✅ Received response with status: 200
🚀 Running actual recommendation API test
✅ Received response with status: 200
🚀 Running actual recommendation API test
✅ Received response with status: 200
🚀 Running actual recommendation API test
✅ Received response with status: 200
🚀 Running actual recommendation API test
✅ Received response with status: 200
🚀 Running actual recommendation API test
✅ Received response with status: 200
🚀 Running actual recommendation API test
✅ Received response with status: 200
🚀 Running actual recommendation API test
✅ Received response with status: 200
🚀 Running actual recommendation API test
✅ Received response with status: 200
🚀 Running actual recommendation API test
✅ Received response with status: 200


    347
    481
     70
    3 4
     90
    507
    503
    518
    504
    486
    5 4
     88
    482
    512
     86

          46                       63                             7

















          6                        42             63              9🚀 Running actual recommendation API test
✅ Received response with status: 200


    481
    370
      4
    490
    507
      3
     18
     04
    486
    514
    488
      2
    51
    386
    448

           7                        1             42            4 1🚀 Running actual recommendation API test
✅ Received response with status: 200


    370
      4
    490
    507
      3
     18
     04
    486
    514
    488
      2
    51
    386
    448
    366

           8                        0              1              35

















                                                   0              5

















                                                                  7

















                                                                  9

















                                                                5 1

















                                                                  3

















                                                                  5

















                                                                  7

















                                                                  9

















                                                                6 1

















                                                                  36

















                                                                  5

















                                                                  7

















                                                                  9

















                                                                7 1

















                                                                  37

















                                                                  5

















                                                                  76

















                                                                  97

















                                                                8 1🚀 Running actual recommendation API test
✅ Received response with status: 200
🚀 Running actual recommendation API test
✅ Received response with status: 200
🚀 Running actual recommendation API test
✅ Received response with status: 200
🚀 Running actual recommendation API test
✅ Received response with status: 200
🚀 Running actual recommendation API test
✅ Received response with status: 200
🚀 Running actual recommendation API test
✅ Received response with status: 200
🚀 Running actual recommendation API test
✅ Received response with status: 200
🚀 Running actual recommendation API test
✅ Received response with status: 200


    486
    51
     88
    482
     12
    386
    448
    36
      1
    516
    540
    49
    493
    535
    523

                                                                  3🚀 Running actual recommendation API test
✅ Received response with status: 200
🚀 Running actual recommendation API test
✅ Received response with status: 200


      8
    482
    512
    3 6
    448
     6
    511
    51
     40
    492
    493
    535
    52
    496
     38

          76                       32                             5🚀 Running actual recommendation API test
✅ Received response with status: 200
🚀 Running actual recommendation API test
✅ Received response with status: 200
🚀 Running actual recommendation API test
✅ Received response with status: 200
🚀 Running actual recommendation API test
✅ Received response with status: 200
🚀 Running actual recommendation API test
✅ Received response with status: 200
🚀 Running actual recommendation API test
✅ Received response with status: 200
🚀 Running actual recommendation API test
✅ Received response with status: 200
🚀 Running actual recommendation API test
✅ Received response with status: 200
🚀 Running actual recommendation API test
✅ Received response with status: 200
🚀 Running actual recommendation API test
✅ Received response with status: 200
🚀 Running actual recommendation API test
✅ Received response with status: 200
🚀 Running actual recommendation API test
✅ Received response with status: 200
🚀 Running actual recommendation API test
✅ Received response with status: 200
🚀 Running actual recommendation API test
✅ Received response with status: 200
🚀 Running actual recommendation API test
✅ Received response with status: 200
🚀 Running actual recommendation API test
✅ Received response with status: 200
🚀 Running actual recommendation API test
✅ Received response with status: 200
🚀 Running actual recommendation API test
✅ Received response with status: 200
🚀 Running actual recommendation API test
✅ Received response with status: 200
🚀 Running actual recommendation API test
✅ Received response with status: 200
🚀 Running actual recommendation API test
✅ Received response with status: 200
🚀 Running actual recommendation API test
✅ Received response with status: 200


     9
    53
      5
    52
     85
    494
     4
     3
    491
    531
    545
      0
      9
    543
      4

           8                        0             32              7

















         200                       08              0              9🚀 Running actual recommendation API test
✅ Received response with status: 200


    532
     15
     26
    485
     94
    541
     36
    491
    53
     45
     30
     29
     43
     34
     42

           1                        7             08            9 18

















                                                   7              3

















                                                                  5

















                                                                  7

















                                                                  9

















                                                               40 1

















                                                                  3

















                                                                  5

















                                                                  79

















                                                                  9

















                                                                1 1

















                                                                  3

















                                                                  5

















                                                                  7

















                                                                  9

















                                                                2 1

















                                                                  3

















                                                                  5

















                                                                  80

















                                                                3 0🚀 Running actual recommendation API test
✅ Received response with status: 200
🚀 Running actual recommendation API test
✅ Received response with status: 200
🚀 Running actual recommendation API test
✅ Received response with status: 200
🚀 Running actual recommendation API test
✅ Received response with status: 200


    494
     41
     3
     91
    531
      5
      0
    529
     43
     34
     42
    393
      6
     4
    400

           5                        3                             2

















                                                   3              4

















                                                                  6

















                                                                  8

















                                                                4 0

















                                                                  21

















                                                                  4

















                                                                  6

















                                                                  8

















                                                                5 0

















                                                                  2

















                                                                  4

















                                                                  6

















                                                                  8

















                                                                6 0

















                                                                  2

















                                                                  4

















                                                                  6

















                                                                  82

















                                                                7 0

















                                                                  2

















                                                                  4

















                                                                  6

















                                                                  8

















                                                                8 0

















                                                                  23

















                                                                  4

















                                                                  6

















                                                                  8

















                                                                9 0

















                                                                  2

















                                                                  4

















                                                                  6

















                                                                  8

















                                                               50 04

















                                                                  2

















                                                                  4

















                                                                  6

















                                                                  8

















                                                                1 0

















                                                                  2

















                                                                  4

















                                                                  6

















                                                                  85

















                                                                2 04🚀 Running actual recommendation API test
✅ Received response with status: 200


    541
     36
    491
    53
     45
     30
     29
     43
     34
     42
    393
    546
      4
    400
    396

           6                                                      25

















                                    2                             4🚀 Running actual recommendation API test
✅ Received response with status: 200
🚀 Running actual recommendation API test
✅ Received response with status: 200
🚀 Running actual recommendation API test
✅ Received response with status: 200
🚀 Running actual recommendation API test
✅ Received response with status: 200
🚀 Running actual recommendation API test
✅ Received response with status: 200
🚀 Running actual recommendation API test
✅ Received response with status: 200
🚀 Running actual recommendation API test
✅ Received response with status: 200
🚀 Running actual recommendation API test
✅ Received response with status: 200
🚀 Running actual recommendation API test
✅ Received response with status: 200
🚀 Running actual recommendation API test
✅ Received response with status: 200
🚀 Running actual recommendation API test
✅ Received response with status: 200
🚀 Running actual recommendation API test
✅ Received response with status: 200
🚀 Running actual recommendation API test
✅ Received response with status: 200
🚀 Running actual recommendation API test
✅ Received response with status: 200
🚀 Running actual recommendation API test
✅ Received response with status: 200
🚀 Running actual recommendation API test
✅ Received response with status: 200
🚀 Running actual recommendation API test
✅ Received response with status: 200
🚀 Running actual recommendation API test
✅ Received response with status: 200
🚀 Running actual recommendation API test
✅ Received response with status: 200
🚀 Running actual recommendation API test
✅ Received response with status: 200
🚀 Running actual recommendation API test
✅ Received response with status: 200
🚀 Running actual recommendation API test
✅ Received response with status: 200
🚀 Running actual recommendation API test
✅ Received response with status: 200
🚀 Running actual recommendation API test
✅ Received response with status: 200
🚀 Running actual recommendation API test
✅ Received response with status: 200
🚀 Running actual recommendation API test
✅ Received response with status: 200
🚀 Running actual recommendation API test
✅ Received response with status: 200
🚀 Running actual recommendation API test
✅ Received response with status: 200
🚀 Running actual recommendation API test
✅ Received response with status: 200
🚀 Running actual recommendation API test
✅ Received response with status: 200
🚀 Running actual recommendation API test
✅ Received response with status: 200
🚀 Running actual recommendation API test
✅ Received response with status: 200
🚀 Running actual recommendation API test
✅ Received response with status: 200
🚀 Running actual recommendation API test
✅ Received response with status: 200
🚀 Running actual recommendation API test
✅ Received response with status: 200
🚀 Running actual recommendation API test
✅ Received response with status: 200
🚀 Running actual recommendation API test
✅ Received response with status: 200
🚀 Running actual recommendation API test
✅ Received response with status: 200
🚀 Running actual recommendation API test
✅ Received response with status: 200


    394
    397
    565
     76
     7
     63
    39
    390
    398
     60
    557
     5
     62
    574
    573

          45                      263              2              6

















                                                 263              8

















                                                                3 0

















                                                                  2

















                                                                  46

















                                                                  6

















                                                                  8

















                                                                4 0

















                                                                  2

















                                                                  4

















                                                                  6

















                                                                  8

















                                                                5 0

















                                                                  2

















                                                                  4

















                                                                  67

















                                                                  8

















                                                                6 0

















                                                                  2

















                                                                  4

















                                                                  6🚀 Running actual recommendation API test
✅ Received response with status: 200


      7
    565
     76
      5
     63
    399
      0
      8
    560
     57
      6
     62
     74
      3
    451

           6                        2                             8🚀 Running actual recommendation API test
✅ Received response with status: 200
🚀 Running actual recommendation API test
✅ Received response with status: 200
🚀 Running actual recommendation API test
✅ Received response with status: 200
🚀 Running actual recommendation API test
✅ Received response with status: 200
🚀 Running actual recommendation API test
✅ Received response with status: 200
🚀 Running actual recommendation API test
✅ Received response with status: 200
🚀 Running actual recommendation API test
✅ Received response with status: 200
🚀 Running actual recommendation API test
✅ Received response with status: 200
🚀 Running actual recommendation API test
✅ Received response with status: 200
🚀 Running actual recommendation API test
✅ Received response with status: 200
🚀 Running actual recommendation API test
✅ Received response with status: 200
🚀 Running actual recommendation API test
✅ Received response with status: 200
🚀 Running actual recommendation API test
✅ Received response with status: 200
🚀 Running actual recommendation API test
✅ Received response with status: 200
🚀 Running actual recommendation API test
✅ Received response with status: 200
🚀 Running actual recommendation API test
✅ Received response with status: 200
🚀 Running actual recommendation API test
✅ Received response with status: 200
🚀 Running actual recommendation API test
✅ Received response with status: 200
🚀 Running actual recommendation API test
✅ Received response with status: 200
🚀 Running actual recommendation API test
✅ Received response with status: 200
🚀 Running actual recommendation API test
✅ Received response with status: 200
🚀 Running actual recommendation API test
✅ Received response with status: 200
🚀 Running actual recommendation API test
✅ Received response with status: 200
🚀 Running actual recommendation API test
✅ Received response with status: 200
🚀 Running actual recommendation API test
✅ Received response with status: 200
🚀 Running actual recommendation API test
✅ Received response with status: 200


    568
     70
     9
    600
     72
    5 8
    608
    5 9
     77
    449
     89
     94
    452
    607
    602

          67                       41              2            7 0🚀 Running actual recommendation API test
✅ Received response with status: 200
🚀 Running actual recommendation API test
✅ Received response with status: 200
🚀 Running actual recommendation API test
✅ Received response with status: 200
🚀 Running actual recommendation API test
✅ Received response with status: 200
🚀 Running actual recommendation API test
✅ Received response with status: 200
🚀 Running actual recommendation API test
✅ Received response with status: 200
🚀 Running actual recommendation API test
✅ Received response with status: 200
🚀 Running actual recommendation API test
✅ Received response with status: 200
🚀 Running actual recommendation API test
✅ Received response with status: 200
🚀 Running actual recommendation API test
✅ Received response with status: 200
🚀 Running actual recommendation API test
✅ Received response with status: 200
🚀 Running actual recommendation API test
✅ Received response with status: 200
🚀 Running actual recommendation API test
✅ Received response with status: 200


     89
     94
    452
      7
    60
    606
    595
    611
     93
    592
    601
    603
    586
    582
    585

          85                       23             4               2

















                                                  23              48🚀 Running actual recommendation API test
✅ Received response with status: 200


     94
    452
    607
      2
      6
    595
    611
    593
      2
    601
      3
    586
      2
      5
    612

                                                                  6

















           6                        2                             8

















                                                   2            8 0

















                                                                  2

















                                                                  4

















                                                                  6

















                                                                  8

















                                                                9 09

















                                                                  2

















                                                                  4🚀 Running actual recommendation API test
✅ Received response with status: 200
🚀 Running actual recommendation API test
✅ Received response with status: 200
🚀 Running actual recommendation API test
✅ Received response with status: 200
🚀 Running actual recommendation API test
✅ Received response with status: 200
🚀 Running actual recommendation API test
✅ Received response with status: 200
🚀 Running actual recommendation API test
✅ Received response with status: 200
🚀 Running actual recommendation API test
✅ Received response with status: 200
🚀 Running actual recommendation API test
✅ Received response with status: 200


    606
    595
     11
    593
    592
    601
     03
     86
     8
    585
     12
    643
    619
    60
     26

                                                                  68

















          94                       14                             89

















                                                  14           1 minut  a   0.0                                                                               9🚀 Running actual recommendation API test
✅ Received response with status: 200
🚀 Running actual recommendation API test
✅ Received response with status: 200
🚀 Running actual recommendation API test
✅ Received response with status: 200
🚀 Running actual recommendation API test
✅ Received response with status: 200
🚀 Running actual recommendation API test
✅ Received response with status: 200
🚀 Running actual recommendation API test
✅ Received response with status: 200
🚀 Running actual recommendation API test
✅ Received response with status: 200
🚀 Running actual recommendation API test
✅ Received response with status: 200
🚀 Running actual recommendation API test
✅ Received response with status: 200
🚀 Running actual recommendation API test
✅ Received response with status: 200
🚀 Running actual recommendation API test
✅ Received response with status: 200
🚀 Running actual recommendation API test
✅ Received response with status: 200
🚀 Running actual recommendation API test
✅ Received response with status: 200
🚀 Running actual recommendation API test
✅ Received response with status: 200
🚀 Running actual recommendation API test
✅ Received response with status: 200
🚀 Running actual recommendation API test
✅ Received response with status: 200
🚀 Running actual recommendation API test
✅ Received response with status: 200
🚀 Running actual recommendation API test
✅ Received response with status: 200
🚀 Running actual recommendation API test
✅ Received response with status: 200
🚀 Running actual recommendation API test
✅ Received response with status: 200
🚀 Running actual recommendation API test
✅ Received response with status: 200
🚀 Running actual recommendation API test
✅ Received response with status: 200
🚀 Running actual recommendation API test
✅ Received response with status: 200
🚀 Running actual recommendation API test
✅ Received response with status: 200
🚀 Running actual recommendation API test
✅ Received response with status: 200
🚀 Running actual recommendation API test
✅ Received response with status: 200
🚀 Running actual recommendation API test
✅ Received response with status: 200
🚀 Running actual recommendation API test
✅ Received response with status: 200
🚀 Running actual recommendation API test
✅ Received response with status: 200
🚀 Running actual recommendation API test
✅ Received response with status: 200
🚀 Running actual recommendation API test
✅ Received response with status: 200
🚀 Running actual recommendation API test
✅ Received response with status: 200
🚀 Running actual recommendation API test
✅ Received response with status: 200
🚀 Running actual recommendation API test
✅ Received response with status: 200
🚀 Running actual recommendation API test
✅ Received response with status: 200
🚀 Running actual recommendation API test
✅ Received response with status: 200
🚀 Running actual recommendation API test
✅ Received response with status: 200
🚀 Running actual recommendation API test
✅ Received response with status: 200
🚀 Running actual recommendation API test
✅ Received response with status: 200
🚀 Running actual recommendation API test
✅ Received response with status: 200
🚀 Running actual recommendation API test
✅ Received response with status: 200
🚀 Running actual recommendation API test
✅ Received response with status: 200
🚀 Running actual recommendation API test
✅ Received response with status: 200
🚀 Running actual recommendation API test
✅ Received response with status: 200
🚀 Running actual recommendation API test
✅ Received response with status: 200
🚀 Running actual recommendation API test
✅ Received response with status: 200
🚀 Running actual recommendation API test
✅ Received response with status: 200
🚀 Running actual recommendation API test
✅ Received response with status: 200
🚀 Running actual recommendation API test
✅ Received response with status: 200
🚀 Running actual recommendation API test
✅ Received response with status: 200
🚀 Running actual recommendation API test
✅ Received response with status: 200
🚀 Running actual recommendation API test
✅ Received response with status: 200
🚀 Running actual recommendation API test
✅ Received response with status: 200
🚀 Running actual recommendation API test
✅ Received response with status: 200
🚀 Running actual recommendation API test
✅ Received response with status: 200


     27
    628
     57
    324
    653
     50
    339
    665
    661
    658
     96
     80
    326
    316
     74

                                                                              2🚀 Running actual recommendation API test
✅ Received response with status: 200
🚀 Running actual recommendation API test
✅ Received response with status: 200
🚀 Running actual recommendation API test
✅ Received response with status: 200
🚀 Running actual recommendation API test
✅ Received response with status: 200
🚀 Running actual recommendation API test
✅ Received response with status: 200
🚀 Running actual recommendation API test
✅ Received response with status: 200
🚀 Running actual recommendation API test
✅ Received response with status: 200
🚀 Running actual recommendation API test
✅ Received response with status: 200
🚀 Running actual recommendation API test
✅ Received response with status: 200
🚀 Running actual recommendation API test
✅ Received response with status: 200
🚀 Running actual recommendation API test
✅ Received response with status: 200
🚀 Running actual recommendation API test
✅ Received response with status: 200
🚀 Running actual recommendation API test
✅ Received response with status: 200
🚀 Running actual recommendation API test
✅ Received response with status: 200
🚀 Running actual recommendation API test
✅ Received response with status: 200
🚀 Running actual recommendation API test
✅ Received response with status: 200
🚀 Running actual recommendation API test
✅ Received response with status: 200
🚀 Running actual recommendation API test
✅ Received response with status: 200
🚀 Running actual recommendation API test
✅ Received response with status: 200
🚀 Running actual recommendation API test
✅ Received response with status: 200
🚀 Running actual recommendation API test
✅ Received response with status: 200
🚀 Running actual recommendation API test
✅ Received response with status: 200
🚀 Running actual recommendation API test
✅ Received response with status: 200
🚀 Running actual recommendation API test
✅ Received response with status: 200


    316
     74
     76
    669
     70
     49
     41
     72
     54
     67
    322
     63
    675
    428
      1

         359                      149                                         4🚀 Running actual recommendation API test
✅ Received response with status: 200
🚀 Running actual recommendation API test
✅ Received response with status: 200
🚀 Running actual recommendation API test
✅ Received response with status: 200
🚀 Running actual recommendation API test
✅ Received response with status: 200
🚀 Running actual recommendation API test
✅ Received response with status: 200
🚀 Running actual recommendation API test
✅ Received response with status: 200
🚀 Running actual recommendation API test
✅ Received response with status: 200
🚀 Running actual recommendation API test
✅ Received response with status: 200
🚀 Running actual recommendation API test
✅ Received response with status: 200
🚀 Running actual recommendation API test
✅ Received response with status: 200
🚀 Running actual recommendation API test
✅ Received response with status: 200
🚀 Running actual recommendation API test
✅ Received response with status: 200
🚀 Running actual recommendation API test
✅ Received response with status: 200
🚀 Running actual recommendation API test
✅ Received response with status: 200
🚀 Running actual recommendation API test
✅ Received response with status: 200
🚀 Running actual recommendation API test
✅ Received response with status: 200
🚀 Running actual recommendation API test
✅ Received response with status: 200
🚀 Running actual recommendation API test
✅ Received response with status: 200
🚀 Running actual recommendation API test
✅ Received response with status: 200
🚀 Running actual recommendation API test
✅ Received response with status: 200
🚀 Running actual recommendation API test
✅ Received response with status: 200
🚀 Running actual recommendation API test
✅ Received response with status: 200
🚀 Running actual recommendation API test
✅ Received response with status: 200
🚀 Running actual recommendation API test
✅ Received response with status: 200
🚀 Running actual recommendation API test
✅ Received response with status: 200
🚀 Running actual recommendation API test
✅ Received response with status: 200
🚀 Running actual recommendation API test
✅ Received response with status: 200
🚀 Running actual recommendation API test
✅ Received response with status: 200
🚀 Running actual recommendation API test
✅ Received response with status: 200
🚀 Running actual recommendation API test
✅ Received response with status: 200
🚀 Running actual recommendation API test
✅ Received response with status: 200
🚀 Running actual recommendation API test
✅ Received response with status: 200
🚀 Running actual recommendation API test
✅ Received response with status: 200
🚀 Running actual recommendation API test
✅ Received response with status: 200
🚀 Running actual recommendation API test
✅ Received response with status: 200
🚀 Running actual recommendation API test
✅ Received response with status: 200
🚀 Running actual recommendation API test
✅ Received response with status: 200
🚀 Running actual recommendation API test
✅ Received response with status: 200
🚀 Running actual recommendation API test
✅ Received response with status: 200
🚀 Running actual recommendation API test
✅ Received response with status: 200
🚀 Running actual recommendation API test
✅ Received response with status: 200
🚀 Running actual recommendation API test
✅ Received response with status: 200
🚀 Running actual recommendation API test
✅ Received response with status: 200
🚀 Running actual recommendation API test
✅ Received response with status: 200
🚀 Running actual recommendation API test
✅ Received response with status: 200
🚀 Running actual recommendation API test
✅ Received response with status: 200
🚀 Running actual recommendation API test
✅ Received response with status: 200
🚀 Running actual recommendation API test
✅ Received response with status: 200
🚀 Running actual recommendation API test
✅ Received response with status: 200
🚀 Running actual recommendation API test
✅ Received response with status: 200
🚀 Running actual recommendation API test
✅ Received response with status: 200
🚀 Running actual recommendation API test
✅ Received response with status: 200
🚀 Running actual recommendation API test
✅ Received response with status: 200
🚀 Running actual recommendation API test
✅ Received response with status: 200
🚀 Running actual recommendation API test
✅ Received response with status: 200
🚀 Running actual recommendation API test
✅ Received response with status: 200
🚀 Running actual recommendation API test
✅ Received response with status: 200
🚀 Running actual recommendation API test
✅ Received response with status: 200
🚀 Running actual recommendation API test
✅ Received response with status: 200
🚀 Running actual recommendation API test
✅ Received response with status: 200
🚀 Running actual recommendation API test
✅ Received response with status: 200
🚀 Running actual recommendation API test
✅ Received response with status: 200
🚀 Running actual recommendation API test
✅ Received response with status: 200
🚀 Running actual recommendation API test
✅ Received response with status: 200
🚀 Running actual recommendation API test
✅ Received response with status: 200
🚀 Running actual recommendation API test
✅ Received response with status: 200
🚀 Running actual recommendation API test
✅ Received response with status: 200
🚀 Running actual recommendation API test
✅ Received response with status: 200
🚀 Running actual recommendation API test
✅ Received response with status: 200
🚀 Running actual recommendation API test
✅ Received response with status: 200
🚀 Running actual recommendation API test
✅ Received response with status: 200
🚀 Running actual recommendation API test
✅ Received response with status: 200
🚀 Running actual recommendation API test
✅ Received response with status: 200
🚀 Running actual recommendation API test
✅ Received response with status: 200
🚀 Running actual recommendation API test
✅ Received response with status: 200
🚀 Running actual recommendation API test
✅ Received response with status: 200
🚀 Running actual recommendation API test
✅ Received response with status: 200
🚀 Running actual recommendation API test
✅ Received response with status: 200
🚀 Running actual recommendation API test
✅ Received response with status: 200
🚀 Running actual recommendation API test
✅ Received response with status: 200
🚀 Running actual recommendation API test
✅ Received response with status: 200
🚀 Running actual recommendation API test
✅ Received response with status: 200
🚀 Running actual recommendation API test
✅ Received response with status: 200
🚀 Running actual recommendation API test
✅ Received response with status: 200
🚀 Running actual recommendation API test
✅ Received response with status: 200
🚀 Running actual recommendation API test
✅ Received response with status: 200
🚀 Running actual recommendation API test
✅ Received response with status: 200
🚀 Running actual recommendation API test
✅ Received response with status: 200
🚀 Running actual recommendation API test
✅ Received response with status: 200
🚀 Running actual recommendation API test
✅ Received response with status: 200
🚀 Running actual recommendation API test
✅ Received response with status: 200
🚀 Running actual recommendation API test
✅ Received response with status: 200
🚀 Running actual recommendation API test
✅ Received response with status: 200
🚀 Running actual recommendation API test
✅ Received response with status: 200
🚀 Running actual recommendation API test
✅ Received response with status: 200
🚀 Running actual recommendation API test
✅ Received response with status: 200
🚀 Running actual recommendation API test
✅ Received response with status: 200
🚀 Running actual recommendation API test
✅ Received response with status: 200
🚀 Running actual recommendation API test
✅ Received response with status: 200
🚀 Running actual recommendation API test
✅ Received response with status: 200
🚀 Running actual recommendation API test
✅ Received response with status: 200
🚀 Running actual recommendation API test
✅ Received response with status: 200
🚀 Running actual recommendation API test
✅ Received response with status: 200
🚀 Running actual recommendation API test
✅ Received response with status: 200
🚀 Running actual recommendation API test
✅ Received response with status: 200
🚀 Running actual recommendation API test
✅ Received response with status: 200
🚀 Running actual recommendation API test
✅ Received response with status: 200
🚀 Running actual recommendation API test
✅ Received response with status: 200
🚀 Running actual recommendation API test
✅ Received response with status: 200
🚀 Running actual recommendation API test
✅ Received response with status: 200
🚀 Running actual recommendation API test
✅ Received response with status: 200
🚀 Running actual recommendation API test
✅ Received response with status: 200
🚀 Running actual recommendation API test
✅ Received response with status: 200
🚀 Running actual recommendation API test
✅ Received response with status: 200
🚀 Running actual recommendation API test
✅ Received response with status: 200
🚀 Running actual recommendation API test
✅ Received response with status: 200
🚀 Running actual recommendation API test
✅ Received response with status: 200
🚀 Running actual recommendation API test
✅ Received response with status: 200
🚀 Running actual recommendation API test
✅ Received response with status: 200
🚀 Running actual recommendation API test
✅ Received response with status: 200
🚀 Running actual recommendation API test
✅ Received response with status: 200
🚀 Running actual recommendation API test
✅ Received response with status: 200
🚀 Running actual recommendation API test
✅ Received response with status: 200
🚀 Running actual recommendation API test
✅ Received response with status: 200
🚀 Running actual recommendation API test
✅ Received response with status: 200
🚀 Running actual recommendation API test
✅ Received response with status: 200
🚀 Running actual recommendation API test
✅ Received response with status: 200
🚀 Running actual recommendation API test
✅ Received response with status: 200
🚀 Running actual recommendation API test
✅ Received response with status: 200
🚀 Running actual recommendation API test
✅ Received response with status: 200
🚀 Running actual recommendation API test
✅ Received response with status: 200
🚀 Running actual recommendation API test
✅ Received response with status: 200
🚀 Running actual recommendation API test
✅ Received response with status: 200
🚀 Running actual recommendation API test
✅ Received response with status: 200
🚀 Running actual recommendation API test
✅ Received response with status: 200
🚀 Running actual recommendation API test
✅ Received response with status: 200
🚀 Running actual recommendation API test
✅ Received response with status: 200
🚀 Running actual recommendation API test
✅ Received response with status: 200
🚀 Running actual recommendation API test
✅ Received response with status: 200
🚀 Running actual recommendation API test
✅ Received response with status: 200
🚀 Running actual recommendation API test
✅ Received response with status: 200
🚀 Running actual recommendation API test
✅ Received response with status: 200
🚀 Running actual recommendation API test
✅ Received response with status: 200


    807
    818
    81
    800
    795
    806
    798
    796
    803
    813
    794
    802
    814
    811
    812

          65                        3            149                          6

















         508                      0 PROCESSE : 143  ELAPSED: 1 minute and 0.90                                                                                s**** Molotov v2.6. Happy breaking! ****
SUCCESSES: 508 | FAILURES: 0
*** Bye ***
